{
  "RSpec": {
    "coverage": {
      "/home/static-library-1489/tic-tac-toe-rb-nyc-fast-track-121419/lib/tic_tac_toe.rb": [
        null,
        1,
        null,
        null,
        null,
        null,
        null,
        null,
        null,
        null,
        null,
        1,
        29,
        183,
        183,
        183,
        183,
        183,
        183,
        183,
        9,
        174,
        3,
        null,
        null,
        17,
        null,
        null,
        1,
        70,
        null,
        null,
        1,
        11,
        5,
        null,
        6,
        null,
        null,
        null,
        1,
        11,
        7,
        null,
        4,
        null,
        null,
        null,
        1,
        3,
        3,
        3,
        null,
        null,
        2,
        1,
        null,
        1,
        null,
        null,
        null,
        null,
        1,
        14,
        14,
        14,
        14,
        14,
        null,
        null,
        1,
        13,
        null,
        null,
        1,
        13,
        null,
        null,
        1,
        15,
        null,
        null,
        1,
        13,
        null,
        null,
        1,
        10,
        10,
        10,
        10,
        9,
        9,
        null,
        1,
        null,
        null,
        null,
        null,
        null,
        1,
        12,
        7,
        5,
        3,
        null,
        2,
        null,
        null,
        null,
        1,
        1,
        1,
        1,
        1,
        null,
        null,
        1,
        null,
        null,
        0,
        0,
        0,
        0,
        null,
        0,
        null,
        null,
        null
      ]
    },
    "timestamp": 1576437546
  }
}
